<?xml version="1.0" encoding="UTF-8"?>
<!-- Generated by org.testng.reporters.JUnitReportReporter -->
<testsuite skipped="2" hostname="DESKTOP-BGTQG5D" name="casestudy_package.casestudy" tests="6" failures="0" timestamp="2022-01-13T12:38:00 IST" time="94.613" errors="0">
  <testcase name="login" time="7.015" classname="casestudy_package.casestudy"/>
  <system-out/>
  <testcase name="Courses" time="56.026" classname="casestudy_package.casestudy"/>
  <system-out/>
  <testcase name="skills" time="25.119" classname="casestudy_package.casestudy"/>
  <system-out/>
  <testcase name="logout" time="6.453" classname="casestudy_package.casestudy"/>
  <system-out/>
  <testcase name="profile" classname="casestudy_package.casestudy">
    <skipped/>
  </testcase> <!-- profile -->
  <system-out/>
  <testcase name="register" classname="casestudy_package.casestudy">
    <skipped/>
  </testcase> <!-- register -->
  <system-out/>
</testsuite> <!-- casestudy_package.casestudy -->
